2021-03-17 22:19:30,334 Starting the program!
2021-03-17 22:19:30,334 Start path: C:/Users/phhor/PycharmProjects/autoPrint/main.py
2021-03-17 22:19:30,334 Start p1: C:\Users\phhor\PycharmProjects\autoPrint
2021-03-17 22:19:35,337 Argument 0 is "C:/Users/phhor/PycharmProjects/autoPrint/main.py".
2021-03-17 22:19:35,337 Argument 1 is "C:\Users\phhor\AppData\Local\Temp\Annahmemarke-5.pdf".
2021-03-17 22:23:57,343 Starting the program!
2021-03-17 22:23:57,343 Start path: C:/Users/phhor/PycharmProjects/autoPrint/main.py
2021-03-17 22:23:57,343 Start p1: C:\Users\phhor\PycharmProjects\autoPrint
2021-03-17 22:24:02,359 Argument 0 is "C:/Users/phhor/PycharmProjects/autoPrint/main.py".
2021-03-17 22:24:02,359 Argument 1 is "C:\Users\phhor\AppData\Local\Temp\Annahmemarke-5.pdf".
2021-03-17 22:27:59,610 Starting the program!
2021-03-17 22:27:59,610 Start path: C:/Users/phhor/PycharmProjects/autoPrint/main.py
2021-03-17 22:27:59,610 Start p1: C:\Users\phhor\PycharmProjects\autoPrint
2021-03-17 22:28:04,624 Argument 0 is "C:/Users/phhor/PycharmProjects/autoPrint/main.py".
2021-03-17 22:28:04,624 Argument 1 is "C:\Users\phhor\AppData\Local\Temp\Annahmemarke-5.pdf".
2021-03-17 22:30:10,131 Starting the program!
2021-03-17 22:30:10,131 Start path: C:/Users/phhor/PycharmProjects/autoPrint/main.py
2021-03-17 22:30:10,131 Start p1: C:\Users\phhor\PycharmProjects\autoPrint
2021-03-17 22:30:10,131 Argument 0 is "C:/Users/phhor/PycharmProjects/autoPrint/main.py".
2021-03-17 22:30:10,131 Argument 1 is "C:\Users\phhor\AppData\Local\Temp\Annahmemarke-5.pdf".
2021-03-17 22:34:51,627 Starting the program!
2021-03-17 22:34:51,627 Start path: C:/Users/phhor/PycharmProjects/autoPrint/main.py
2021-03-17 22:34:51,627 Start p1: C:\Users\phhor\PycharmProjects\autoPrint
2021-03-17 22:34:51,627 Argument 0 is "C:/Users/phhor/PycharmProjects/autoPrint/main.py".
2021-03-17 22:34:51,627 Argument 1 is "C:\Users\phhor\AppData\Local\Temp\Annahmemarke-5.pdf".
2021-03-17 22:35:00,448 Starting the program!
2021-03-17 22:35:00,448 Start path: C:/Users/phhor/PycharmProjects/autoPrint/main.py
2021-03-17 22:35:00,448 Start p1: C:\Users\phhor\PycharmProjects\autoPrint
2021-03-17 22:35:00,448 Argument 0 is "C:/Users/phhor/PycharmProjects/autoPrint/main.py".
2021-03-17 22:35:00,448 Argument 1 is "C:\Users\phhor\AppData\Local\Temp\Annahmemarke-5.pdf".
2021-03-17 22:35:35,050 Starting the program!
2021-03-17 22:35:35,050 Start path: C:/Users/phhor/PycharmProjects/autoPrint/main.py
2021-03-17 22:35:35,050 Start p1: C:\Users\phhor\PycharmProjects\autoPrint
2021-03-17 22:35:35,050 Argument 0 is "C:/Users/phhor/PycharmProjects/autoPrint/main.py".
2021-03-17 22:35:35,050 Argument 1 is "C:\Users\phhor\AppData\Local\Temp\Annahmemarke-5.pdf".
2021-03-17 22:35:42,753 Starting the program!
2021-03-17 22:35:42,753 Start path: C:/Users/phhor/PycharmProjects/autoPrint/main.py
2021-03-17 22:35:42,753 Start p1: C:\Users\phhor\PycharmProjects\autoPrint
2021-03-17 22:35:42,753 Argument 0 is "C:/Users/phhor/PycharmProjects/autoPrint/main.py".
2021-03-17 22:35:42,753 Argument 1 is "C:\Users\phhor\AppData\Local\Temp\Annahmemarke-5.pdf".
2021-03-17 22:35:42,753 The file specified in the argument does not exist!
2021-03-17 22:35:42,753 The specified path is: "C:\Users\phhor\AppData\Local\Temp\Annahmemarke-5.pdf".
2021-03-17 22:35:49,521 Starting the program!
2021-03-17 22:35:49,521 Start path: C:/Users/phhor/PycharmProjects/autoPrint/main.py
2021-03-17 22:35:49,521 Start p1: C:\Users\phhor\PycharmProjects\autoPrint
2021-03-17 22:35:49,521 Argument 0 is "C:/Users/phhor/PycharmProjects/autoPrint/main.py".
2021-03-17 22:35:49,521 Argument 1 is "C:\Users\phhor\AppData\Local\Temp\Annahmemarke-5.pdf".
2021-03-17 22:35:49,521 The file specified in the argument does not exist!
2021-03-17 22:35:49,521 The specified path is: "C:\Users\phhor\AppData\Local\Temp\Annahmemarke-5.pdf".
2021-03-17 22:36:31,033 Starting the program!
2021-03-17 22:36:31,033 Start path: C:/Users/phhor/PycharmProjects/autoPrint/main.py
2021-03-17 22:36:31,033 Start p1: C:\Users\phhor\PycharmProjects\autoPrint
2021-03-17 22:36:31,033 Argument 0 is "C:/Users/phhor/PycharmProjects/autoPrint/main.py".
2021-03-17 22:36:31,033 Argument 1 is "C:\Users\phhor\AppData\Local\Temp\Annahmemarke-5.pdf".
2021-03-17 22:36:31,033 The file specified in the argument does not exist!
2021-03-17 22:36:31,033 The specified path is: "C:\Users\phhor\AppData\Local\Temp\Annahmemarke-5.pdf".
2021-03-17 22:36:38,758 Starting the program!
2021-03-17 22:36:38,758 Start path: C:/Users/phhor/PycharmProjects/autoPrint/main.py
2021-03-17 22:36:38,758 Start p1: C:\Users\phhor\PycharmProjects\autoPrint
2021-03-17 22:36:38,758 Argument 0 is "C:/Users/phhor/PycharmProjects/autoPrint/main.py".
2021-03-17 22:36:38,758 Argument 1 is "C:\Users\phhor\AppData\Local\Temp\Annahmemarke-5.pdf".
2021-03-17 22:36:38,758 The file specified in the argument does not exist!
2021-03-17 22:36:38,758 The specified path is: "C:\Users\phhor\AppData\Local\Temp\Annahmemarke-5.pdf".
2021-03-17 22:37:05,175 Starting the program!
2021-03-17 22:37:05,175 Start path: C:/Users/phhor/PycharmProjects/autoPrint/main.py
2021-03-17 22:37:05,175 Start p1: C:\Users\phhor\PycharmProjects\autoPrint
2021-03-17 22:37:05,175 Argument 0 is "C:/Users/phhor/PycharmProjects/autoPrint/main.py".
2021-03-17 22:37:05,175 Argument 1 is "C:\Users\phhor\AppData\Local\Temp\Annahmemarke-5.pdf".
2021-03-17 22:37:05,175 The file specified in the argument does not exist!
2021-03-17 22:37:05,175 The specified path is: "C:\Users\phhor\AppData\Local\Temp\Annahmemarke-5.pdf".
2021-03-17 22:37:34,411 Starting the program!
2021-03-17 22:37:34,411 Start path: C:/Users/phhor/PycharmProjects/autoPrint/main.py
2021-03-17 22:37:34,427 Start p1: C:\Users\phhor\PycharmProjects\autoPrint
2021-03-17 22:37:34,427 Argument 0 is "C:/Users/phhor/PycharmProjects/autoPrint/main.py".
2021-03-17 22:37:34,427 Argument 1 is "C:\Users\phhor\AppData\Local\Temp\Annahmemarke-26.pdf".
2021-03-18 10:01:09,416 Starting the program!
2021-03-18 10:01:09,416 Start path: C:/Users/phhor/PycharmProjects/autoPrint/main.py
2021-03-18 10:01:09,416 Start p1: C:\Users\phhor\PycharmProjects\autoPrint
2021-03-18 10:01:09,416 Argument 0 is "C:/Users/phhor/PycharmProjects/autoPrint/main.py".
2021-03-18 10:01:09,416 Argument 1 is "C:\Users\phhor\AppData\Local\Temp\Annahmemarke-26.pdf".
2021-03-18 10:01:09,431 The action FSP is not active.
2021-03-18 10:12:21,072 Starting the program!
2021-03-18 10:12:21,072 Start path: C:/Users/phhor/PycharmProjects/autoPrint/main.py
2021-03-18 10:12:21,072 Start p1: C:\Users\phhor\PycharmProjects\autoPrint
2021-03-18 10:12:21,072 Argument 0 is "C:/Users/phhor/PycharmProjects/autoPrint/main.py".
2021-03-18 10:12:21,072 Argument 1 is "C:\Users\phhor\AppData\Local\Temp\Annahmemarke-26.pdf".
2021-03-18 10:12:21,072 The action Marke is the valid action. No other action will be performed!
2021-03-18 10:12:21,072 The printer Marthastr will be chosen to print the file Annahmemarke-26.pdf while not showing the file and using ghostscript!
